{
  "RSpec": {
    "coverage": {
      "/Users/Jeremyrrsmith/Coding-Projects/Makers Academy/Week 1/Boris_Bikes/Boris_Bikes/spec/bike_spec.rb": [
        1,
        null,
        1,
        1,
        1,
        1,
        null,
        null
      ],
      "/Users/Jeremyrrsmith/Coding-Projects/Makers Academy/Week 1/Boris_Bikes/Boris_Bikes/lib/bike.rb": [
        null,
        1,
        1,
        null,
        1,
        0,
        null,
        null,
        1,
        2,
        null,
        null
      ],
      "/Users/Jeremyrrsmith/Coding-Projects/Makers Academy/Week 1/Boris_Bikes/Boris_Bikes/spec/docking_station_spec.rb": [
        1,
        null,
        1,
        1,
        1,
        2,
        null,
        null,
        1,
        1,
        null,
        null,
        1,
        1,
        1,
        1,
        2,
        null,
        null,
        null,
        1,
        1,
        1,
        null,
        null,
        1,
        1,
        null,
        null,
        1,
        1,
        21,
        2,
        null,
        null,
        null,
        1,
        1,
        1,
        21,
        2,
        null,
        null,
        1,
        1,
        1,
        25,
        2,
        null,
        null,
        1,
        1,
        1,
        26,
        2,
        null,
        null,
        null
      ],
      "/Users/Jeremyrrsmith/Coding-Projects/Makers Academy/Week 1/Boris_Bikes/Boris_Bikes/lib/docking_station.rb": [
        null,
        1,
        1,
        1,
        null,
        1,
        9,
        9,
        null,
        null,
        1,
        2,
        null,
        1,
        1,
        null,
        null,
        0,
        null,
        null,
        1,
        94,
        null,
        91,
        null,
        null,
        1,
        null,
        1,
        null,
        1,
        94,
        null,
        null,
        1,
        2,
        null,
        null
      ]
    },
    "timestamp": 1559139025
  }
}
